+ set -e
+ module load singularity
++ /usr/bin/modulecmd bash load singularity
+ eval LC_ALL=C ';export' 'LC_ALL;LC_CTYPE=C' ';export' 'LC_CTYPE;LOADEDMODULES=rocks-openmpi:singularity' ';export' 'LOADEDMODULES;SINGULARITY_SHELL=/bin/bash' ';export' 'SINGULARITY_SHELL;_LMFILES_=/usr/share/Modules/modulefiles/rocks-openmpi:/usr/share/Modules/modulefiles/singularity' ';export' '_LMFILES_;'
++ LC_ALL=C
++ export LC_ALL
++ LC_CTYPE=C
++ export LC_CTYPE
++ LOADEDMODULES=rocks-openmpi:singularity
++ export LOADEDMODULES
++ SINGULARITY_SHELL=/bin/bash
++ export SINGULARITY_SHELL
++ _LMFILES_=/usr/share/Modules/modulefiles/rocks-openmpi:/usr/share/Modules/modulefiles/singularity
++ export _LMFILES_
+ singularity shell /projects/tir1/singularity/tensorflow-ubuntu-16.04.2-lts-nvidia-375.26.img
[33mWARNING: Non existent 'bind point' directory in container: '/projects/tir1'
[0m[33mWARNING: Non existent 'bind point' directory in container: '/projects/tir2'
[0m[33mWARNING: Non existent 'bind point' directory in container: '/containers'
[0mSingularity: Invoking an interactive shell within container...

[0m+ module load cuda-8.0 cudnn-8.0-5.1
++ /usr/bin/modulecmd bash load cuda-8.0 cudnn-8.0-5.1
+ eval CPATH=/opt/cudnn-5.1/include ';export' 'CPATH;C_INCLUDE_PATH=/opt/cudnn-5.1/include' ';export' 'C_INCLUDE_PATH;LD_LIBRARY_PATH=/opt/cudnn-5.1/lib64:/opt/cuda-8.0/lib64:/opt/cuda-8.0/lib:/opt/cuda-8.0/lib64/:/home/xinyiw1/gcc-5.2.0/lib64:/home/xinyiw1/boost_1_65_1/lib:/home/xinyiw1/gcc-5.2.0/lib:/opt/openmpi/lib' ';export' 'LD_LIBRARY_PATH;LOADEDMODULES=rocks-openmpi:singularity:cuda-8.0:cudnn-8.0-5.1' ';export' 'LOADEDMODULES;PATH=/opt/cuda-8.0/bin:/home/xinyiw1/miniconda2/envs/research/bin:/opt/cuda-8.0/bin/:/home/xinyiw1/sentencepiece/bin:/home/xinyiw1/boost_1_65/bin:/home/xinyiw1/autoconf-2.69/bin:/home/xinyiw1/gcc-5.2.0/bin:/home/xinyiw1/miniconda2/bin:/home/xinyiw1/gcc-5.2.0/bin:/opt/openmpi/bin:/usr/lib64/qt-3.3/bin:/usr/local/bin:/bin:/usr/bin:/usr/local/sbin:/usr/sbin:/sbin:/opt/ganglia/bin:/opt/ganglia/sbin:/usr/java/latest/bin:/opt/pdsh/bin:/opt/rocks/bin:/opt/rocks/sbin:/home/xinyiw1/bin' ';export' 'PATH;_LMFILES_=/usr/share/Modules/modulefiles/rocks-openmpi:/usr/share/Modules/modulefiles/singularity:/usr/share/Modules/modulefiles/cuda-8.0:/usr/share/Modules/modulefiles/cudnn-8.0-5.1' ';export' '_LMFILES_;'
++ CPATH=/opt/cudnn-5.1/include
++ export CPATH
++ C_INCLUDE_PATH=/opt/cudnn-5.1/include
++ export C_INCLUDE_PATH
++ LD_LIBRARY_PATH=/opt/cudnn-5.1/lib64:/opt/cuda-8.0/lib64:/opt/cuda-8.0/lib:/opt/cuda-8.0/lib64/:/home/xinyiw1/gcc-5.2.0/lib64:/home/xinyiw1/boost_1_65_1/lib:/home/xinyiw1/gcc-5.2.0/lib:/opt/openmpi/lib
++ export LD_LIBRARY_PATH
++ LOADEDMODULES=rocks-openmpi:singularity:cuda-8.0:cudnn-8.0-5.1
++ export LOADEDMODULES
++ PATH=/opt/cuda-8.0/bin:/home/xinyiw1/miniconda2/envs/research/bin:/opt/cuda-8.0/bin/:/home/xinyiw1/sentencepiece/bin:/home/xinyiw1/boost_1_65/bin:/home/xinyiw1/autoconf-2.69/bin:/home/xinyiw1/gcc-5.2.0/bin:/home/xinyiw1/miniconda2/bin:/home/xinyiw1/gcc-5.2.0/bin:/opt/openmpi/bin:/usr/lib64/qt-3.3/bin:/usr/local/bin:/bin:/usr/bin:/usr/local/sbin:/usr/sbin:/sbin:/opt/ganglia/bin:/opt/ganglia/sbin:/usr/java/latest/bin:/opt/pdsh/bin:/opt/rocks/bin:/opt/rocks/sbin:/home/xinyiw1/bin
++ export PATH
++ _LMFILES_=/usr/share/Modules/modulefiles/rocks-openmpi:/usr/share/Modules/modulefiles/singularity:/usr/share/Modules/modulefiles/cuda-8.0:/usr/share/Modules/modulefiles/cudnn-8.0-5.1
++ export _LMFILES_
+ export CUDA_HOME=/projects/tir1/cuda-8.0.27.1
+ CUDA_HOME=/projects/tir1/cuda-8.0.27.1
+ PATH=/home/xinyiw1/bin:/opt/cuda-8.0/bin:/home/xinyiw1/miniconda2/envs/research/bin:/opt/cuda-8.0/bin/:/home/xinyiw1/sentencepiece/bin:/home/xinyiw1/boost_1_65/bin:/home/xinyiw1/autoconf-2.69/bin:/home/xinyiw1/gcc-5.2.0/bin:/home/xinyiw1/miniconda2/bin:/home/xinyiw1/gcc-5.2.0/bin:/opt/openmpi/bin:/usr/lib64/qt-3.3/bin:/usr/local/bin:/bin:/usr/bin:/usr/local/sbin:/usr/sbin:/sbin:/opt/ganglia/bin:/opt/ganglia/sbin:/usr/java/latest/bin:/opt/pdsh/bin:/opt/rocks/bin:/opt/rocks/sbin:/home/xinyiw1/bin
+ PATH=/projects/tir1/cuda-8.0.27.1/bin:/home/xinyiw1/bin:/opt/cuda-8.0/bin:/home/xinyiw1/miniconda2/envs/research/bin:/opt/cuda-8.0/bin/:/home/xinyiw1/sentencepiece/bin:/home/xinyiw1/boost_1_65/bin:/home/xinyiw1/autoconf-2.69/bin:/home/xinyiw1/gcc-5.2.0/bin:/home/xinyiw1/miniconda2/bin:/home/xinyiw1/gcc-5.2.0/bin:/opt/openmpi/bin:/usr/lib64/qt-3.3/bin:/usr/local/bin:/bin:/usr/bin:/usr/local/sbin:/usr/sbin:/sbin:/opt/ganglia/bin:/opt/ganglia/sbin:/usr/java/latest/bin:/opt/pdsh/bin:/opt/rocks/bin:/opt/rocks/sbin:/home/xinyiw1/bin
+ export PATH
+ export LD_LIBRARY_PATH=/projects/tir1/cuda-8.0.27.1/lib64:/opt/cudnn-5.1/lib64:/opt/cuda-8.0/lib64:/opt/cuda-8.0/lib:/opt/cuda-8.0/lib64/:/home/xinyiw1/gcc-5.2.0/lib64:/home/xinyiw1/boost_1_65_1/lib:/home/xinyiw1/gcc-5.2.0/lib:/opt/openmpi/lib
+ LD_LIBRARY_PATH=/projects/tir1/cuda-8.0.27.1/lib64:/opt/cudnn-5.1/lib64:/opt/cuda-8.0/lib64:/opt/cuda-8.0/lib:/opt/cuda-8.0/lib64/:/home/xinyiw1/gcc-5.2.0/lib64:/home/xinyiw1/boost_1_65_1/lib:/home/xinyiw1/gcc-5.2.0/lib:/opt/openmpi/lib
+ export CPATH=/projects/tir1/cuda-8.0.27.1/include:/opt/cudnn-5.1/include
+ CPATH=/projects/tir1/cuda-8.0.27.1/include:/opt/cudnn-5.1/include
+ export LIBRARY_PATH=/projects/tir1/cuda-8.0.27.1/lib64:/projects/tir1/cuda-8.0.27.1/lib64:/opt/cudnn-5.1/lib64:/opt/cuda-8.0/lib64:/opt/cuda-8.0/lib:/opt/cuda-8.0/lib64/:/home/xinyiw1/gcc-5.2.0/lib64:/home/xinyiw1/boost_1_65_1/lib:/home/xinyiw1/gcc-5.2.0/lib:/opt/openmpi/lib
+ LIBRARY_PATH=/projects/tir1/cuda-8.0.27.1/lib64:/projects/tir1/cuda-8.0.27.1/lib64:/opt/cudnn-5.1/lib64:/opt/cuda-8.0/lib64:/opt/cuda-8.0/lib:/opt/cuda-8.0/lib64/:/home/xinyiw1/gcc-5.2.0/lib64:/home/xinyiw1/boost_1_65_1/lib:/home/xinyiw1/gcc-5.2.0/lib:/opt/openmpi/lib
+ export LD_LIBRARY_PATH=/home/xinyiw1/software/dynet-base/dynet/build/dynet/:/projects/tir1/cuda-8.0.27.1/lib64:/opt/cudnn-5.1/lib64:/opt/cuda-8.0/lib64:/opt/cuda-8.0/lib:/opt/cuda-8.0/lib64/:/home/xinyiw1/gcc-5.2.0/lib64:/home/xinyiw1/boost_1_65_1/lib:/home/xinyiw1/gcc-5.2.0/lib:/opt/openmpi/lib
+ LD_LIBRARY_PATH=/home/xinyiw1/software/dynet-base/dynet/build/dynet/:/projects/tir1/cuda-8.0.27.1/lib64:/opt/cudnn-5.1/lib64:/opt/cuda-8.0/lib64:/opt/cuda-8.0/lib:/opt/cuda-8.0/lib64/:/home/xinyiw1/gcc-5.2.0/lib64:/home/xinyiw1/boost_1_65_1/lib:/home/xinyiw1/gcc-5.2.0/lib:/opt/openmpi/lib
+ export LD_LIBRARY_PATH=/opt/cudnn-8.0/lib64:/home/xinyiw1/software/dynet-base/dynet/build/dynet/:/projects/tir1/cuda-8.0.27.1/lib64:/opt/cudnn-5.1/lib64:/opt/cuda-8.0/lib64:/opt/cuda-8.0/lib:/opt/cuda-8.0/lib64/:/home/xinyiw1/gcc-5.2.0/lib64:/home/xinyiw1/boost_1_65_1/lib:/home/xinyiw1/gcc-5.2.0/lib:/opt/openmpi/lib
+ LD_LIBRARY_PATH=/opt/cudnn-8.0/lib64:/home/xinyiw1/software/dynet-base/dynet/build/dynet/:/projects/tir1/cuda-8.0.27.1/lib64:/opt/cudnn-5.1/lib64:/opt/cuda-8.0/lib64:/opt/cuda-8.0/lib:/opt/cuda-8.0/lib64/:/home/xinyiw1/gcc-5.2.0/lib64:/home/xinyiw1/boost_1_65_1/lib:/home/xinyiw1/gcc-5.2.0/lib:/opt/openmpi/lib
+ export CPATH=/opt/cudnn-8.0/include:/projects/tir1/cuda-8.0.27.1/include:/opt/cudnn-5.1/include
+ CPATH=/opt/cudnn-8.0/include:/projects/tir1/cuda-8.0.27.1/include:/opt/cudnn-5.1/include
+ export LIBRARY_PATH=/opt/cudnn-8.0/lib64:/opt/cudnn-8.0/lib64:/home/xinyiw1/software/dynet-base/dynet/build/dynet/:/projects/tir1/cuda-8.0.27.1/lib64:/opt/cudnn-5.1/lib64:/opt/cuda-8.0/lib64:/opt/cuda-8.0/lib:/opt/cuda-8.0/lib64/:/home/xinyiw1/gcc-5.2.0/lib64:/home/xinyiw1/boost_1_65_1/lib:/home/xinyiw1/gcc-5.2.0/lib:/opt/openmpi/lib
+ LIBRARY_PATH=/opt/cudnn-8.0/lib64:/opt/cudnn-8.0/lib64:/home/xinyiw1/software/dynet-base/dynet/build/dynet/:/projects/tir1/cuda-8.0.27.1/lib64:/opt/cudnn-5.1/lib64:/opt/cuda-8.0/lib64:/opt/cuda-8.0/lib:/opt/cuda-8.0/lib64/:/home/xinyiw1/gcc-5.2.0/lib64:/home/xinyiw1/boost_1_65_1/lib:/home/xinyiw1/gcc-5.2.0/lib:/opt/openmpi/lib
+ echo /opt/cudnn-8.0/lib64:/home/xinyiw1/software/dynet-base/dynet/build/dynet/:/projects/tir1/cuda-8.0.27.1/lib64:/opt/cudnn-5.1/lib64:/opt/cuda-8.0/lib64:/opt/cuda-8.0/lib:/opt/cuda-8.0/lib64/:/home/xinyiw1/gcc-5.2.0/lib64:/home/xinyiw1/boost_1_65_1/lib:/home/xinyiw1/gcc-5.2.0/lib:/opt/openmpi/lib
/opt/cudnn-8.0/lib64:/home/xinyiw1/software/dynet-base/dynet/build/dynet/:/projects/tir1/cuda-8.0.27.1/lib64:/opt/cudnn-5.1/lib64:/opt/cuda-8.0/lib64:/opt/cuda-8.0/lib:/opt/cuda-8.0/lib64/:/home/xinyiw1/gcc-5.2.0/lib64:/home/xinyiw1/boost_1_65_1/lib:/home/xinyiw1/gcc-5.2.0/lib:/opt/openmpi/lib
+ model_name=tree
+ python xnmt/xnmt_run_experiments.py examples/kftt_wordlstm.yaml --dynet-gpu --dynet-mem 10000
[dynet] initializing CUDA
[dynet] Request for 1 specific GPU ...
[dynet] Device Number: 0
[dynet]   Device name: GeForce GTX 1080 Ti
[dynet]   Memory Clock Rate (KHz): 5505000
[dynet]   Memory Bus Width (bits): 352
[dynet]   Peak Memory Bandwidth (GB/s): 484.44
[dynet]   Memory Free (GB): 11.5442/11.7151
[dynet]
[dynet] Device(s) selected: 0
[dynet] random seed: 946703317
[dynet] allocating memory: 10000MB
[dynet] memory allocation done.
=> Running kftt-tree-wordlstm
   > Preprocessing   
   > Training   
   initialized BilingualTrainingCorpus({'train_src': '/projects/tir2/users/xinyiw1/kftt-data-1.0/data/small/kyoto-train.uppiece.ja', 'dev_trg': '/projects/tir2/users/xinyiw1/kftt-data-1.0/data/small/kyoto-tune.upparse.en,/projects/tir2/users/xinyiw1/kftt-data-1.0/data/small/kyoto-tune.uppiece.en', 'dev_ref_file': '/projects/tir2/users/xinyiw1/kftt-data-1.0/data/small/kyoto-tune.upper.en', 'dev_src': '/projects/tir2/users/xinyiw1/kftt-data-1.0/data/small/kyoto-tune.uppiece.ja', 'train_trg': '/projects/tir2/users/xinyiw1/kftt-data-1.0/data/small/kyoto-train.upparse.en,/projects/tir2/users/xinyiw1/kftt-data-1.0/data/small/kyoto-train.uppiece.en'})   
   initialized PlainTextReader({})   
   initialized TreeReader({})   
   initialized BilingualCorpusParser({'trg_reader': <xnmt.input.TreeReader object at 0x7f433e9aedd0>, 'src_reader': <xnmt.input.PlainTextReader object at 0x7f433e9aee90>})   
   /projects/tir2/users/xinyiw1/kftt-data-1.0/data/small/kyoto-train.uppiece.ja   
   /projects/tir2/users/xinyiw1/kftt-data-1.0/data/small/kyoto-tune.uppiece.ja   
   initialized SimpleWordEmbedder({'vocab_size': 48841, 'yaml_context': <xnmt.model_context.ModelContext object at 0x7f433e9aeb50>})   
   initialized LSTMSeqTransducer({'layers': 1, 'yaml_context': <xnmt.model_context.ModelContext object at 0x7f433e9aeb50>})   
   initialized StandardAttender({'yaml_context': <xnmt.model_context.ModelContext object at 0x7f433e9aeb50>})   
   initialized SimpleWordEmbedder({'vocab_size': 55991, 'yaml_context': <xnmt.model_context.ModelContext object at 0x7f433e9aeb50>})   
   initialized CopyBridge({'yaml_context': <xnmt.model_context.ModelContext object at 0x7f433e9aeb50>, 'dec_layers': 1})   
   initialized TreeDecoder({'layers': 1, 'bridge': <xnmt.decoder.CopyBridge object at 0x7f433e494c50>, 'vocab_size': 55991, 'mlp_hidden_dim': 512, 'word_lstm': True, 'yaml_context': <xnmt.model_context.ModelContext object at 0x7f433e9aeb50>})   
   initialized DefaultTranslator({'attender': <xnmt.attender.StandardAttender object at 0x7f433e4940d0>, 'decoder': <xnmt.decoder.TreeDecoder object at 0x7f433e494a90>, 'src_embedder': <xnmt.embedder.SimpleWordEmbedder object at 0x7f433e8a3fd0>, 'loop_trg': False, 'trg_embedder': <xnmt.embedder.SimpleWordEmbedder object at 0x7f433e4942d0>, 'encoder': <xnmt.lstm.LSTMSeqTransducer object at 0x7f433e8a3f10>})   
   initialized SentShuffleBatcher({'batch_size': 16})   
   Epoch 0.0190: train_loss/word=3.653 (words=146643, words/sec=1745.26, time=0-00:01:24)   
   Epoch 0.0381: train_loss/word=3.171 (words=303539, words/sec=1747.29, time=0-00:02:53)   
   Epoch 0.0569: train_loss/word=3.058 (words=448483, words/sec=1737.81, time=0-00:04:17)   
   Epoch 0.0761: train_loss/word=2.955 (words=602115, words/sec=1745.00, time=0-00:05:45)   
   Epoch 0.0949: train_loss/word=2.903 (words=753907, words/sec=1739.36, time=0-00:07:12)   
   Epoch 0.1140: train_loss/word=2.852 (words=913091, words/sec=1739.17, time=0-00:08:44)   
   Epoch 0.1329: train_loss/word=2.808 (words=1065027, words/sec=1742.57, time=0-00:10:11)   
   Epoch 0.1520: train_loss/word=2.751 (words=1223027, words/sec=1744.19, time=0-00:11:41)   
   Epoch 0.1708: train_loss/word=2.703 (words=1377443, words/sec=1742.50, time=0-00:13:10)   
   Epoch 0.1899: train_loss/word=2.652 (words=1535331, words/sec=1745.53, time=0-00:14:40)   
   Epoch 0.2088: train_loss/word=2.621 (words=1681811, words/sec=1742.23, time=0-00:16:04)   
   Epoch 0.2279: train_loss/word=2.587 (words=1838611, words/sec=1744.90, time=0-00:17:34)   
   Epoch 0.2467: train_loss/word=2.548 (words=1993059, words/sec=1740.38, time=0-00:19:03)   
   Epoch 0.2658: train_loss/word=2.515 (words=2149619, words/sec=1736.51, time=0-00:20:33)   
   Epoch 0.2847: train_loss/word=2.484 (words=2300659, words/sec=1741.23, time=0-00:22:00)   
   Epoch 0.3038: train_loss/word=2.457 (words=2455171, words/sec=1738.56, time=0-00:23:29)   
   Epoch 0.3226: train_loss/word=2.428 (words=2610227, words/sec=1740.09, time=0-00:24:58)   
   Epoch 0.3417: train_loss/word=2.397 (words=2762035, words/sec=1737.82, time=0-00:26:25)   
   Epoch 0.3606: train_loss/word=2.374 (words=2910483, words/sec=1741.75, time=0-00:27:51)   
   Epoch 0.3797: train_loss/word=2.347 (words=3061427, words/sec=1742.33, time=0-00:29:17)   
   Epoch 0.3985: train_loss/word=2.322 (words=3213539, words/sec=1740.33, time=0-00:30:45)   
   Epoch 0.4177: train_loss/word=2.300 (words=3370163, words/sec=1744.23, time=0-00:32:14)   
   Epoch 0.4365: train_loss/word=2.277 (words=3524707, words/sec=1744.78, time=0-00:33:43)   
   Epoch 0.4556: train_loss/word=2.251 (words=3685155, words/sec=1744.04, time=0-00:35:15)   
   Epoch 0.4744: train_loss/word=2.228 (words=3841427, words/sec=1742.21, time=0-00:36:45)   
   Epoch 0.4936: train_loss/word=2.205 (words=3996307, words/sec=1744.45, time=0-00:38:13)   
   Epoch 0.5124: train_loss/word=2.184 (words=4146899, words/sec=1737.05, time=0-00:39:40)   
   Epoch 0.5315: train_loss/word=2.161 (words=4304019, words/sec=1745.08, time=0-00:41:10)   
   Epoch 0.5503: train_loss/word=2.143 (words=4449299, words/sec=1743.32, time=0-00:42:34)   
   Epoch 0.5695: train_loss/word=2.124 (words=4601267, words/sec=1743.42, time=0-00:44:01)   
   Epoch 0.5883: train_loss/word=2.103 (words=4758195, words/sec=1748.65, time=0-00:45:30)   
   Epoch 0.6074: train_loss/word=2.084 (words=4916595, words/sec=1746.67, time=0-00:47:01)   
   Epoch 0.6262: train_loss/word=2.066 (words=5069731, words/sec=1743.80, time=0-00:48:29)   
   Epoch 0.6454: train_loss/word=2.049 (words=5220483, words/sec=1745.45, time=0-00:49:55)   
   Epoch 0.6642: train_loss/word=2.033 (words=5368355, words/sec=1745.37, time=0-00:51:20)   
   Epoch 0.6833: train_loss/word=2.017 (words=5515491, words/sec=1740.88, time=0-00:52:45)   
   Epoch 0.7021: train_loss/word=2.001 (words=5665699, words/sec=1743.80, time=0-00:54:11)   
   Epoch 0.7213: train_loss/word=1.986 (words=5813123, words/sec=1744.28, time=0-00:55:35)   
   Epoch 0.7401: train_loss/word=1.970 (words=5966387, words/sec=1744.72, time=0-00:57:03)   
   Epoch 0.7592: train_loss/word=1.953 (words=6126147, words/sec=1750.26, time=0-00:58:34)   
   Epoch 0.7781: train_loss/word=1.939 (words=6271539, words/sec=1741.36, time=0-00:59:58)   
   Epoch 0.7972: train_loss/word=1.924 (words=6429347, words/sec=1745.17, time=0-01:01:28)   
   Epoch 0.8160: train_loss/word=1.910 (words=6582195, words/sec=1748.72, time=0-01:02:56)   
   Epoch 0.8351: train_loss/word=1.896 (words=6737955, words/sec=1743.17, time=0-01:04:25)   
   Epoch 0.8540: train_loss/word=1.883 (words=6888531, words/sec=1740.61, time=0-01:05:51)   
   Epoch 0.8731: train_loss/word=1.870 (words=7043667, words/sec=1748.51, time=0-01:07:20)   
   Epoch 0.8919: train_loss/word=1.858 (words=7191091, words/sec=1745.18, time=0-01:08:45)   
   Epoch 0.9110: train_loss/word=1.845 (words=7348947, words/sec=1747.53, time=0-01:10:15)   
   Epoch 0.9299: train_loss/word=1.833 (words=7498387, words/sec=1742.91, time=0-01:11:41)   
   Epoch 0.9490: train_loss/word=1.822 (words=7650963, words/sec=1745.53, time=0-01:13:08)   
   Epoch 0.9678: train_loss/word=1.811 (words=7803043, words/sec=1744.47, time=0-01:14:35)   
   Epoch 0.9869: train_loss/word=1.798 (words=7962163, words/sec=1748.58, time=0-01:16:06)   
   Epoch 1.0000: train_loss/word=1.791 (words=8069267, words/sec=1744.98, time=0-01:17:08)   
   initialized PolynomialNormalization({'apply_during_search': True})   
   /projects/tir2/users/xinyiw1/kftt-data-1.0/data/small/kyoto-tune.uppiece.ja   
   > Checkpoint   
     Epoch 1.0000 dev [auxiliary] BLEU4: 0.0, 0.147431/0.007054/0.000564/0.000000 (BP = 1.000000, ratio=1.20, hyp_len=27050, ref_len=22551)   
     Epoch 1.0000 dev 0 (words=0, words/sec=0.00, time=0-02:09:12)   
   Traceback (most recent call last):
     File "xnmt/xnmt_run_experiments.py", line 170, in <module>
          sys.exit(main())
     File "xnmt/xnmt_run_experiments.py", line 131, in main
          xnmt_trainer.run_epoch()
     File "/home/xinyiw1/miniconda2/envs/research/lib/python2.7/site-packages/xnmt-0.0.1-py2.7.egg/xnmt/xnmt_train.py", line 258, in run_epoch
          self.dev_evaluation()
     File "/home/xinyiw1/miniconda2/envs/research/lib/python2.7/site-packages/xnmt-0.0.1-py2.7.egg/xnmt/xnmt_train.py", line 316, in dev_evaluation
          if self.logger.report_dev_and_check_model(self.args.model_file):
     File "/home/xinyiw1/miniconda2/envs/research/lib/python2.7/site-packages/xnmt-0.0.1-py2.7.egg/xnmt/loss_tracker.py", line 129, in report_dev_and_check_model
          save_model = self.dev_score.better_than(self.best_dev_score)
   AttributeError   :    'int' object has no attribute 'better_than'   
